<?xml version="1.0" encoding="UTF-8"?>
<!-- Generated by org.testng.reporters.JUnitXMLReporter -->
<testsuite ignored="12" hostname="Shubham" failures="1" tests="15" name="Test" time="223.118" errors="0" timestamp="2023-06-22T14:53:34 IST">
  <testcase classname="opencart.Application.Test.Application_Test" name="Verify_MyAccount_Menu" time="5.384"/>
  <testcase classname="opencart.Application.Test.Application_Test" name="Verify_Restration_Menu" time="5.772"/>
  <testcase classname="opencart.Application.Test.Application_Test" name="Verify_Registration_Header" time="4.23"/>
  <testcase classname="opencart.Application.Test.Application_Test" name="Verify_Registration_Header2" time="3.06">
    <failure type="org.openqa.selenium.NoSuchElementException" message="no such element: Unable to locate element: {&amp;quot;method&amp;quot;:&amp;quot;xpath&amp;quot;,&amp;quot;selector&amp;quot;:&amp;quot;//fieldset[@id=&amp;apos;account&amp;apos;]/legend&amp;quot;}
  (Session info: chrome=114.0.5735.134)
For documentation on this error, please visit: https://www.seleniumhq.org/exceptions/no_such_element.html
Build info: version: &amp;apos;3.141.59&amp;apos;, revision: &amp;apos;e82be7d358&amp;apos;, time: &amp;apos;2018-11-14T08:17:03&amp;apos;
System info: host: &amp;apos;SHUBHAM&amp;apos;, ip: &amp;apos;192.168.43.138&amp;apos;, os.name: &amp;apos;Windows 10&amp;apos;, os.arch: &amp;apos;amd64&amp;apos;, os.version: &amp;apos;10.0&amp;apos;, java.version: &amp;apos;17.0.2&amp;apos;
Driver info: org.openqa.selenium.chrome.ChromeDriver
Capabilities {acceptInsecureCerts: false, browserName: chrome, browserVersion: 114.0.5735.134, chrome: {chromedriverVersion: 114.0.5735.90 (386bc09e8f4f..., userDataDir: C:\Users\Dell\AppData\Local...}, goog:chromeOptions: {debuggerAddress: localhost:60195}, javascriptEnabled: true, networkConnectionEnabled: false, pageLoadStrategy: normal, platform: WINDOWS, platformName: WINDOWS, proxy: Proxy(), setWindowRect: true, strictFileInteractability: false, timeouts: {implicit: 0, pageLoad: 300000, script: 30000}, unhandledPromptBehavior: dismiss and notify, webauthn:extension:credBlob: true, webauthn:extension:largeBlob: true, webauthn:extension:minPinLength: true, webauthn:extension:prf: true, webauthn:virtualAuthenticators: true}
Session ID: 1cbef5892894d27580305b7ed233d073
*** Element info: {Using=xpath, value=//fieldset[@id=&amp;apos;account&amp;apos;]/legend}">
      <![CDATA[org.openqa.selenium.NoSuchElementException: no such element: Unable to locate element: {"method":"xpath","selector":"//fieldset[@id='account']/legend"}
  (Session info: chrome=114.0.5735.134)
For documentation on this error, please visit: https://www.seleniumhq.org/exceptions/no_such_element.html
Build info: version: '3.141.59', revision: 'e82be7d358', time: '2018-11-14T08:17:03'
System info: host: 'SHUBHAM', ip: '192.168.43.138', os.name: 'Windows 10', os.arch: 'amd64', os.version: '10.0', java.version: '17.0.2'
Driver info: org.openqa.selenium.chrome.ChromeDriver
Capabilities {acceptInsecureCerts: false, browserName: chrome, browserVersion: 114.0.5735.134, chrome: {chromedriverVersion: 114.0.5735.90 (386bc09e8f4f..., userDataDir: C:\Users\Dell\AppData\Local...}, goog:chromeOptions: {debuggerAddress: localhost:60195}, javascriptEnabled: true, networkConnectionEnabled: false, pageLoadStrategy: normal, platform: WINDOWS, platformName: WINDOWS, proxy: Proxy(), setWindowRect: true, strictFileInteractability: false, timeouts: {implicit: 0, pageLoad: 300000, script: 30000}, unhandledPromptBehavior: dismiss and notify, webauthn:extension:credBlob: true, webauthn:extension:largeBlob: true, webauthn:extension:minPinLength: true, webauthn:extension:prf: true, webauthn:virtualAuthenticators: true}
Session ID: 1cbef5892894d27580305b7ed233d073
*** Element info: {Using=xpath, value=//fieldset[@id='account']/legend}
at org.openqa.selenium.remote.http.W3CHttpResponseCodec.createException(W3CHttpResponseCodec.java:187)
at org.openqa.selenium.remote.http.W3CHttpResponseCodec.decode(W3CHttpResponseCodec.java:122)
at org.openqa.selenium.remote.http.W3CHttpResponseCodec.decode(W3CHttpResponseCodec.java:49)
at org.openqa.selenium.remote.HttpCommandExecutor.execute(HttpCommandExecutor.java:158)
at org.openqa.selenium.remote.service.DriverCommandExecutor.execute(DriverCommandExecutor.java:83)
at org.openqa.selenium.remote.RemoteWebDriver.execute(RemoteWebDriver.java:552)
at org.openqa.selenium.remote.RemoteWebDriver.findElement(RemoteWebDriver.java:323)
at org.openqa.selenium.remote.RemoteWebDriver.findElementByXPath(RemoteWebDriver.java:428)
at org.openqa.selenium.By$ByXPath.findElement(By.java:353)
at org.openqa.selenium.remote.RemoteWebDriver.findElement(RemoteWebDriver.java:315)
at org.openqa.selenium.support.pagefactory.DefaultElementLocator.findElement(DefaultElementLocator.java:69)
at org.openqa.selenium.support.pagefactory.internal.LocatingElementHandler.invoke(LocatingElementHandler.java:38)
at jdk.proxy2/jdk.proxy2.$Proxy15.getWrappedElement(Unknown Source)
at org.openqa.selenium.remote.internal.WebElementToJsonConverter.apply(WebElementToJsonConverter.java:50)
at java.base/java.util.stream.ReferencePipeline$3$1.accept(ReferencePipeline.java:197)
at java.base/java.util.Spliterators$ArraySpliterator.forEachRemaining(Spliterators.java:992)
at java.base/java.util.stream.AbstractPipeline.copyInto(AbstractPipeline.java:509)
at java.base/java.util.stream.AbstractPipeline.wrapAndCopyInto(AbstractPipeline.java:499)
at java.base/java.util.stream.ReduceOps$ReduceOp.evaluateSequential(ReduceOps.java:921)
at java.base/java.util.stream.AbstractPipeline.evaluate(AbstractPipeline.java:234)
at java.base/java.util.stream.ReferencePipeline.collect(ReferencePipeline.java:682)
at org.openqa.selenium.remote.RemoteWebDriver.executeScript(RemoteWebDriver.java:484)
at opencart.framework.WebCommons.WebCommons.scrolltoElement(WebCommons.java:33)
at opencart.framework.WebCommons.WebCommons.checkAvailability(WebCommons.java:117)
at opencart.Application.Pages.Registration_Page.verifyregistration_Page_Header2(Registration_Page.java:168)
at opencart.Application.Test.Application_Test.Verify_Registration_Header2(Application_Test.java:130)
at java.base/java.util.ArrayList.forEach(ArrayList.java:1511)
... Removed 32 stack frames]]>
    </failure>
  </testcase> <!-- Verify_Registration_Header2 -->
  <testcase classname="opencart.Application.Test.Application_Test" name="Verify_FirstName_Textbox" time="3.422"/>
  <testcase classname="opencart.Application.Test.Application_Test" name="Verify_LastName_Textbox" time="3.547"/>
  <testcase classname="opencart.Application.Test.Application_Test" name="Verify_Email_Textbox" time="3.637"/>
  <testcase classname="opencart.Application.Test.Application_Test" name="Verify_Password_Textbox_Header" time="2.808"/>
  <testcase classname="opencart.Application.Test.Application_Test" name="Verify_Password_Textbox" time="3.453"/>
  <testcase classname="opencart.Application.Test.Application_Test" name="Verify_NewsLetter_Header" time="2.689"/>
  <testcase classname="opencart.Application.Test.Application_Test" name="Verify_Radio_Button_Yes" time="13.425"/>
  <testcase classname="opencart.Application.Test.Application_Test" name="Verify_Radio_Button_No" time="4.559"/>
  <testcase classname="opencart.Application.Test.Application_Test" name="Verify_Agree_Checkbox" time="4.045"/>
  <testcase classname="opencart.Application.Test.Application_Test" name="Verify_Privacy_Policy_Link" time="14.495"/>
  <testcase classname="opencart.Application.Test.Application_Test" name="Verify_Continue_Button" time="4.738"/>
  <testcase classname="opencart.Application.Test.Application_Test" name="VerifyLaptop_Notebooks_Menu" time="0.0">
    <ignored/>
  </testcase> <!-- VerifyLaptop_Notebooks_Menu -->
  <testcase classname="opencart.Application.Test.Application_Test" name="Verify_Search_Button" time="0.0">
    <ignored/>
  </testcase> <!-- Verify_Search_Button -->
  <testcase classname="opencart.Application.Test.Application_Test" name="Verify_Mp3Players_Menu" time="0.0">
    <ignored/>
  </testcase> <!-- Verify_Mp3Players_Menu -->
  <testcase classname="opencart.Application.Test.Application_Test" name="Verify_Search_Box" time="0.0">
    <ignored/>
  </testcase> <!-- Verify_Search_Box -->
  <testcase classname="opencart.Application.Test.Application_Test" name="Verify_Cameras_Menu" time="0.0">
    <ignored/>
  </testcase> <!-- Verify_Cameras_Menu -->
  <testcase classname="opencart.Application.Test.Application_Test" name="Verify_Desktop_Menu" time="0.0">
    <ignored/>
  </testcase> <!-- Verify_Desktop_Menu -->
  <testcase classname="opencart.Application.Test.Application_Test" name="Verify_Tablets_Menu" time="0.0">
    <ignored/>
  </testcase> <!-- Verify_Tablets_Menu -->
  <testcase classname="opencart.Application.Test.Application_Test" name="Verify_HomePage_Title" time="0.0">
    <ignored/>
  </testcase> <!-- Verify_HomePage_Title -->
  <testcase classname="opencart.Application.Test.Application_Test" name="Verify_Components_Menu" time="0.0">
    <ignored/>
  </testcase> <!-- Verify_Components_Menu -->
  <testcase classname="opencart.Application.Test.Application_Test" name="Verify_Currency_DropDown" time="0.0">
    <ignored/>
  </testcase> <!-- Verify_Currency_DropDown -->
  <testcase classname="opencart.Application.Test.Application_Test" name="Verify_Phones_Menu" time="0.0">
    <ignored/>
  </testcase> <!-- Verify_Phones_Menu -->
  <testcase classname="opencart.Application.Test.Application_Test" name="Verify_Software_Menu" time="0.0">
    <ignored/>
  </testcase> <!-- Verify_Software_Menu -->
</testsuite> <!-- Test -->
